Traceback (most recent call last):
  File "C:\Program Files\Python313\Lib\site-packages\jupyter_cache\executors\utils.py", line 58, in single_nb_execution
    executenb(
    ~~~~~~~~~^
        nb,
        ^^^
    ...<4 lines>...
        **kwargs,
        ^^^^^^^^^
    )
    ^
  File "C:\Program Files\Python313\Lib\site-packages\nbclient\client.py", line 1319, in execute
    return NotebookClient(nb=nb, resources=resources, km=km, **kwargs).execute()
           ~~~~~~~~~~~~~~~~~~~~~~~~~~~~~~~~~~~~~~~~~~~~~~~~~~~~~~~~~~~~~~~~~~~^^
  File "C:\Program Files\Python313\Lib\site-packages\jupyter_core\utils\__init__.py", line 165, in wrapped
    return loop.run_until_complete(inner)
           ~~~~~~~~~~~~~~~~~~~~~~~^^^^^^^
  File "C:\Program Files\Python313\Lib\asyncio\base_events.py", line 725, in run_until_complete
    return future.result()
           ~~~~~~~~~~~~~^^
  File "C:\Program Files\Python313\Lib\site-packages\nbclient\client.py", line 709, in async_execute
    await self.async_execute_cell(
        cell, index, execution_count=self.code_cells_executed + 1
    )
  File "C:\Program Files\Python313\Lib\site-packages\nbclient\client.py", line 1062, in async_execute_cell
    await self._check_raise_for_error(cell, cell_index, exec_reply)
  File "C:\Program Files\Python313\Lib\site-packages\nbclient\client.py", line 918, in _check_raise_for_error
    raise CellExecutionError.from_cell_and_msg(cell, exec_reply_content)
nbclient.exceptions.CellExecutionError: An error occurred while executing the following cell:
------------------
import sys
sys.path.insert(0, r'E:\GitHub\molass-library')
import matplotlib.pyplot as plt
from molass.PlotUtils.Annotation3D import add_annotate3D
%matplotlib widget

fig = plt.figure()
ax = fig.add_subplot(111, projection='3d')

add_annotate3D()    #

ax.annotate3D('Bug',(0.5, 0.5, 0.5),
                xytext=(40,30),
                textcoords='offset points',
                bbox=dict(boxstyle="round", fc="lightyellow"),
                arrowprops = dict(arrowstyle="-|>",ec='black', fc='white', lw=3))

ax.set_xlim([0, 1])
ax.set_ylim([0, 1])
ax.set_zlim([0, 1])

xz_view_point = (1.3, 0.5, 0.5)
yz_view_point = (0.5, -0.3, 0.5)

ax.quiver(*xz_view_point, -0.5, 0, 0, color='orange', length=0.3, normalize=True)
ax.quiver(*yz_view_point, 0, 0.5, 0, color='orange', length=0.3, normalize=True)

ax.text(*xz_view_point, "Elutional View", color='orange', va='top', ha='center', fontsize=16)
ax.text(*yz_view_point, "Spactral View", color='orange', va='top', ha='center', fontsize=16)

plt.title('3D Arrow with Arrow3D')
plt.show()
------------------


[31m---------------------------------------------------------------------------[39m
[31mRuntimeError[39m                              Traceback (most recent call last)
[36mFile [39m[32mC:\Program Files\Python313\Lib\site-packages\matplotlib\backends\registry.py:407[39m, in [36mBackendRegistry.resolve_gui_or_backend[39m[34m(self, gui_or_backend)[39m
[32m    406[39m [38;5;28;01mtry[39;00m:
[32m--> [39m[32m407[39m     [38;5;28;01mreturn[39;00m [38;5;28;43mself[39;49m[43m.[49m[43mresolve_backend[49m[43m([49m[43mgui_or_backend[49m[43m)[49m
[32m    408[39m [38;5;28;01mexcept[39;00m [38;5;167;01mException[39;00m:  [38;5;66;03m# KeyError ?[39;00m

[36mFile [39m[32mC:\Program Files\Python313\Lib\site-packages\matplotlib\backends\registry.py:369[39m, in [36mBackendRegistry.resolve_backend[39m[34m(self, backend)[39m
[32m    368[39m [38;5;28;01mif[39;00m gui [38;5;129;01mis[39;00m [38;5;28;01mNone[39;00m:
[32m--> [39m[32m369[39m     [38;5;28;01mraise[39;00m [38;5;167;01mRuntimeError[39;00m([33mf[39m[33m"[39m[33m'[39m[38;5;132;01m{[39;00mbackend[38;5;132;01m}[39;00m[33m'[39m[33m is not a recognised backend name[39m[33m"[39m)
[32m    371[39m [38;5;28;01mreturn[39;00m backend, gui [38;5;28;01mif[39;00m gui != [33m"[39m[33mheadless[39m[33m"[39m [38;5;28;01melse[39;00m [38;5;28;01mNone[39;00m

[31mRuntimeError[39m: 'widget' is not a recognised backend name

During handling of the above exception, another exception occurred:

[31mRuntimeError[39m                              Traceback (most recent call last)
[36mCell[39m[36m [39m[32mIn[1][39m[32m, line 5[39m
[32m      3[39m [38;5;28;01mimport[39;00m[38;5;250m [39m[34;01mmatplotlib[39;00m[34;01m.[39;00m[34;01mpyplot[39;00m[38;5;250m [39m[38;5;28;01mas[39;00m[38;5;250m [39m[34;01mplt[39;00m
[32m      4[39m [38;5;28;01mfrom[39;00m[38;5;250m [39m[34;01mmolass[39;00m[34;01m.[39;00m[34;01mPlotUtils[39;00m[34;01m.[39;00m[34;01mAnnotation3D[39;00m[38;5;250m [39m[38;5;28;01mimport[39;00m add_annotate3D
[32m----> [39m[32m5[39m [43mget_ipython[49m[43m([49m[43m)[49m[43m.[49m[43mrun_line_magic[49m[43m([49m[33;43m'[39;49m[33;43mmatplotlib[39;49m[33;43m'[39;49m[43m,[49m[43m [49m[33;43m'[39;49m[33;43mwidget[39;49m[33;43m'[39;49m[43m)[49m
[32m      7[39m fig = plt.figure()
[32m      8[39m ax = fig.add_subplot([32m111[39m, projection=[33m'[39m[33m3d[39m[33m'[39m)

[36mFile [39m[32mC:\Program Files\Python313\Lib\site-packages\IPython\core\interactiveshell.py:2504[39m, in [36mInteractiveShell.run_line_magic[39m[34m(self, magic_name, line, _stack_depth)[39m
[32m   2502[39m     kwargs[[33m'[39m[33mlocal_ns[39m[33m'[39m] = [38;5;28mself[39m.get_local_scope(stack_depth)
[32m   2503[39m [38;5;28;01mwith[39;00m [38;5;28mself[39m.builtin_trap:
[32m-> [39m[32m2504[39m     result = [43mfn[49m[43m([49m[43m*[49m[43margs[49m[43m,[49m[43m [49m[43m*[49m[43m*[49m[43mkwargs[49m[43m)[49m
[32m   2506[39m [38;5;66;03m# The code below prevents the output from being displayed[39;00m
[32m   2507[39m [38;5;66;03m# when using magics with decorator @output_can_be_silenced[39;00m
[32m   2508[39m [38;5;66;03m# when the last Python token in the expression is a ';'.[39;00m
[32m   2509[39m [38;5;28;01mif[39;00m [38;5;28mgetattr[39m(fn, magic.MAGIC_OUTPUT_CAN_BE_SILENCED, [38;5;28;01mFalse[39;00m):

[36mFile [39m[32mC:\Program Files\Python313\Lib\site-packages\IPython\core\magics\pylab.py:103[39m, in [36mPylabMagics.matplotlib[39m[34m(self, line)[39m
[32m     98[39m     [38;5;28mprint[39m(
[32m     99[39m         [33m"[39m[33mAvailable matplotlib backends: [39m[38;5;132;01m%s[39;00m[33m"[39m
[32m    100[39m         % _list_matplotlib_backends_and_gui_loops()
[32m    101[39m     )
[32m    102[39m [38;5;28;01melse[39;00m:
[32m--> [39m[32m103[39m     gui, backend = [38;5;28;43mself[39;49m[43m.[49m[43mshell[49m[43m.[49m[43menable_matplotlib[49m[43m([49m[43margs[49m[43m.[49m[43mgui[49m[43m)[49m
[32m    104[39m     [38;5;28mself[39m._show_matplotlib_backend(args.gui, backend)

[36mFile [39m[32mC:\Program Files\Python313\Lib\site-packages\IPython\core\interactiveshell.py:3787[39m, in [36mInteractiveShell.enable_matplotlib[39m[34m(self, gui)[39m
[32m   3784[39m     [38;5;28;01mimport[39;00m[38;5;250m [39m[34;01mmatplotlib_inline[39;00m[34;01m.[39;00m[34;01mbackend_inline[39;00m
[32m   3786[39m [38;5;28;01mfrom[39;00m[38;5;250m [39m[34;01mIPython[39;00m[34;01m.[39;00m[34;01mcore[39;00m[38;5;250m [39m[38;5;28;01mimport[39;00m pylabtools [38;5;28;01mas[39;00m pt
[32m-> [39m[32m3787[39m gui, backend = [43mpt[49m[43m.[49m[43mfind_gui_and_backend[49m[43m([49m[43mgui[49m[43m,[49m[43m [49m[38;5;28;43mself[39;49m[43m.[49m[43mpylab_gui_select[49m[43m)[49m
[32m   3789[39m [38;5;28;01mif[39;00m gui != [38;5;28;01mNone[39;00m:
[32m   3790[39m     [38;5;66;03m# If we have our first gui selection, store it[39;00m
[32m   3791[39m     [38;5;28;01mif[39;00m [38;5;28mself[39m.pylab_gui_select [38;5;129;01mis[39;00m [38;5;28;01mNone[39;00m:

[36mFile [39m[32mC:\Program Files\Python313\Lib\site-packages\IPython\core\pylabtools.py:349[39m, in [36mfind_gui_and_backend[39m[34m(gui, gui_select)[39m
[32m    347[39m [38;5;28;01melse[39;00m:
[32m    348[39m     gui = _convert_gui_to_matplotlib(gui)
[32m--> [39m[32m349[39m     backend, gui = [43mbackend_registry[49m[43m.[49m[43mresolve_gui_or_backend[49m[43m([49m[43mgui[49m[43m)[49m
[32m    351[39m gui = _convert_gui_from_matplotlib(gui)
[32m    352[39m [38;5;28;01mreturn[39;00m gui, backend

[36mFile [39m[32mC:\Program Files\Python313\Lib\site-packages\matplotlib\backends\registry.py:409[39m, in [36mBackendRegistry.resolve_gui_or_backend[39m[34m(self, gui_or_backend)[39m
[32m    407[39m     [38;5;28;01mreturn[39;00m [38;5;28mself[39m.resolve_backend(gui_or_backend)
[32m    408[39m [38;5;28;01mexcept[39;00m [38;5;167;01mException[39;00m:  [38;5;66;03m# KeyError ?[39;00m
[32m--> [39m[32m409[39m     [38;5;28;01mraise[39;00m [38;5;167;01mRuntimeError[39;00m(
[32m    410[39m         [33mf[39m[33m"[39m[33m'[39m[38;5;132;01m{[39;00mgui_or_backend[38;5;132;01m}[39;00m[33m'[39m[33m is not a recognised GUI loop or backend name[39m[33m"[39m)

[31mRuntimeError[39m: 'widget' is not a recognised GUI loop or backend name

